# JRE version: OpenJDK Runtime Environment (21.0.1+12) (build 21.0.1+12-29)
# Java VM: OpenJDK 64-Bit Server VM (21.0.1+12-29, mixed mode, sharing, tiered, compressed oops, compressed class ptrs, g1 gc, windows-amd64)
GC Precious Log:
 CardTable entry size: 512
 Card Set container configuration: InlinePtr #cards 4 size 8 Array Of Cards #cards 16 size 48 Howl #buckets 8 coarsen threshold 3686 Howl Bitmap #cards 512 size 80 coarsen threshold 460 Card regions per heap region 1 cards per card region 4096
 CPUs: 4 total, 4 available
 Memory: 16306M
 Large Page Support: Disabled
 NUMA Support: Disabled
 Compressed Oops: Enabled (Zero based)
 Heap Region Size: 2M
 Heap Min Capacity: 8M
 Heap Initial Capacity: 256M
 Heap Max Capacity: 4078M
 Pre-touch: Disabled
 Parallel Workers: 4
 Concurrent Workers: 1
 Concurrent Refinement Workers: 4
 Periodic GC: Disabled
Heap:
 garbage-first heap   total 51200K, used 40212K [0x0000000701200000, 0x0000000800000000)
  region size 2048K, 10 young (20480K), 1 survivors (2048K)
 Metaspace       used 54933K, committed 55552K, reserved 1114112K
  class space    used 7376K, committed 7680K, reserved 1048576K
GC Heap History (20 events):
Event: 2.027 GC heap before
{Heap before GC invocations=2 (full 0):
 garbage-first heap   total 262144K, used 33923K [0x0000000701200000, 0x0000000800000000)
  region size 2048K, 15 young (30720K), 1 survivors (2048K)
 Metaspace       used 14180K, committed 14464K, reserved 1114112K
  class space    used 1669K, committed 1792K, reserved 1048576K
}
Event: 2.035 GC heap after
{Heap after GC invocations=3 (full 0):
 garbage-first heap   total 262144K, used 9806K [0x0000000701200000, 0x0000000800000000)
  region size 2048K, 2 young (4096K), 2 survivors (4096K)
 Metaspace       used 14180K, committed 14464K, reserved 1114112K
  class space    used 1669K, committed 1792K, reserved 1048576K
}
Event: 3.663 GC heap before
{Heap before GC invocations=3 (full 0):
 garbage-first heap   total 262144K, used 54862K [0x0000000701200000, 0x0000000800000000)
  region size 2048K, 25 young (51200K), 2 survivors (4096K)
 Metaspace       used 21222K, committed 21504K, reserved 1114112K
  class space    used 2555K, committed 2688K, reserved 1048576K
}
Event: 3.678 GC heap after
{Heap after GC invocations=4 (full 0):
 garbage-first heap   total 262144K, used 13874K [0x0000000701200000, 0x0000000800000000)
  region size 2048K, 4 young (8192K), 4 survivors (8192K)
 Metaspace       used 21222K, committed 21504K, reserved 1114112K
  class space    used 2555K, committed 2688K, reserved 1048576K
}
Event: 4.668 GC heap before
{Heap before GC invocations=5 (full 0):
 garbage-first heap   total 49152K, used 34354K [0x0000000701200000, 0x0000000800000000)
  region size 2048K, 14 young (28672K), 4 survivors (8192K)
 Metaspace       used 24525K, committed 24960K, reserved 1114112K
  class space    used 3030K, committed 3264K, reserved 1048576K
}
Event: 4.685 GC heap after
{Heap after GC invocations=6 (full 0):
 garbage-first heap   total 49152K, used 16226K [0x0000000701200000, 0x0000000800000000)
  region size 2048K, 2 young (4096K), 2 survivors (4096K)
 Metaspace       used 24525K, committed 24960K, reserved 1114112K
  class space    used 3030K, committed 3264K, reserved 1048576K
}
Event: 5.529 GC heap before
{Heap before GC invocations=6 (full 0):
 garbage-first heap   total 49152K, used 36706K [0x0000000701200000, 0x0000000800000000)
  region size 2048K, 12 young (24576K), 2 survivors (4096K)
 Metaspace       used 29047K, committed 29568K, reserved 1114112K
  class space    used 3622K, committed 3904K, reserved 1048576K
}
Event: 5.538 GC heap after
{Heap after GC invocations=7 (full 0):
 garbage-first heap   total 49152K, used 18100K [0x0000000701200000, 0x0000000800000000)
  region size 2048K, 1 young (2048K), 1 survivors (2048K)
 Metaspace       used 29047K, committed 29568K, reserved 1114112K
  class space    used 3622K, committed 3904K, reserved 1048576K
}
Event: 6.219 GC heap before
{Heap before GC invocations=7 (full 0):
 garbage-first heap   total 49152K, used 36532K [0x0000000701200000, 0x0000000800000000)
  region size 2048K, 11 young (22528K), 1 survivors (2048K)
 Metaspace       used 34260K, committed 34816K, reserved 1114112K
  class space    used 4387K, committed 4672K, reserved 1048576K
}
Event: 6.223 GC heap after
{Heap after GC invocations=8 (full 0):
 garbage-first heap   total 49152K, used 19184K [0x0000000701200000, 0x0000000800000000)
  region size 2048K, 2 young (4096K), 2 survivors (4096K)
 Metaspace       used 34260K, committed 34816K, reserved 1114112K
  class space    used 4387K, committed 4672K, reserved 1048576K
}
Event: 6.366 GC heap before
{Heap before GC invocations=8 (full 0):
 garbage-first heap   total 49152K, used 23280K [0x0000000701200000, 0x0000000800000000)
  region size 2048K, 5 young (10240K), 2 survivors (4096K)
 Metaspace       used 35421K, committed 35968K, reserved 1114112K
  class space    used 4596K, committed 4864K, reserved 1048576K
}
Event: 6.370 GC heap after
{Heap after GC invocations=9 (full 0):
 garbage-first heap   total 49152K, used 19578K [0x0000000701200000, 0x0000000800000000)
  region size 2048K, 1 young (2048K), 1 survivors (2048K)
 Metaspace       used 35421K, committed 35968K, reserved 1114112K
  class space    used 4596K, committed 4864K, reserved 1048576K
}
Event: 7.149 GC heap before
{Heap before GC invocations=10 (full 0):
 garbage-first heap   total 49152K, used 38010K [0x0000000701200000, 0x0000000800000000)
  region size 2048K, 11 young (22528K), 1 survivors (2048K)
 Metaspace       used 41741K, committed 42304K, reserved 1114112K
  class space    used 5387K, committed 5632K, reserved 1048576K
}
Event: 7.155 GC heap after
{Heap after GC invocations=11 (full 0):
 garbage-first heap   total 49152K, used 21724K [0x0000000701200000, 0x0000000800000000)
  region size 2048K, 2 young (4096K), 2 survivors (4096K)
 Metaspace       used 41741K, committed 42304K, reserved 1114112K
  class space    used 5387K, committed 5632K, reserved 1048576K
}
Event: 7.735 GC heap before
{Heap before GC invocations=11 (full 0):
 garbage-first heap   total 49152K, used 40156K [0x0000000701200000, 0x0000000800000000)
  region size 2048K, 11 young (22528K), 2 survivors (4096K)
 Metaspace       used 46949K, committed 47488K, reserved 1114112K
  class space    used 6147K, committed 6400K, reserved 1048576K
}
Event: 7.744 GC heap after
{Heap after GC invocations=12 (full 0):
 garbage-first heap   total 49152K, used 23137K [0x0000000701200000, 0x0000000800000000)
  region size 2048K, 1 young (2048K), 1 survivors (2048K)
 Metaspace       used 46949K, committed 47488K, reserved 1114112K
  class space    used 6147K, committed 6400K, reserved 1048576K
}
Event: 8.242 GC heap before
{Heap before GC invocations=12 (full 0):
 garbage-first heap   total 49152K, used 41569K [0x0000000701200000, 0x0000000800000000)
  region size 2048K, 10 young (20480K), 1 survivors (2048K)
 Metaspace       used 50919K, committed 51456K, reserved 1114112K
  class space    used 6777K, committed 7040K, reserved 1048576K
}
Event: 8.246 GC heap after
{Heap after GC invocations=13 (full 0):
 garbage-first heap   total 49152K, used 23509K [0x0000000701200000, 0x0000000800000000)
  region size 2048K, 2 young (4096K), 2 survivors (4096K)
 Metaspace       used 50919K, committed 51456K, reserved 1114112K
  class space    used 6777K, committed 7040K, reserved 1048576K
}
Event: 8.486 GC heap before
{Heap before GC invocations=14 (full 0):
 garbage-first heap   total 51200K, used 37845K [0x0000000701200000, 0x0000000800000000)
  region size 2048K, 9 young (18432K), 2 survivors (4096K)
 Metaspace       used 51121K, committed 51712K, reserved 1114112K
  class space    used 6814K, committed 7104K, reserved 1048576K
}
Event: 8.492 GC heap after
{Heap after GC invocations=15 (full 0):
 garbage-first heap   total 51200K, used 23828K [0x0000000701200000, 0x0000000800000000)
  region size 2048K, 1 young (2048K), 1 survivors (2048K)
 Metaspace       used 51121K, committed 51712K, reserved 1114112K
  class space    used 6814K, committed 7104K, reserved 1048576K
}

